<?xml version="1.0" encoding="UTF-8"?>
<!-- Generated by org.testng.reporters.JUnitReportReporter -->
<testsuite hostname="DESKTOP-0MPBAPB" name="com.qa.tests.GetAPITest" tests="2" failures="0" timestamp="1 Mar 2020 19:13:21 GMT" time="0.817" errors="0">
  <testcase name="getAPITestWithoutHeaders" time="0.696" classname="com.qa.tests.GetAPITest"/>
  <testcase name="getAPITestWithHeaders" time="0.121" classname="com.qa.tests.GetAPITest"/>
</testsuite> <!-- com.qa.tests.GetAPITest -->
