<?xml version="1.0" encoding="UTF-8"?>
<!-- Generated by org.testng.reporters.JUnitReportReporter -->
<testsuite hostname="DESKTOP-0MPBAPB" name="com.qa.tests.PostAPITest" tests="1" failures="0" timestamp="2 Mar 2020 03:37:34 GMT" time="1.296" errors="0">
  <testcase name="postAPITest" time="1.296" classname="com.qa.tests.PostAPITest"/>
</testsuite> <!-- com.qa.tests.PostAPITest -->
